# JRE version: Java(TM) SE Runtime Environment (8.0_144-b01) (build 1.8.0_144-b01)
# Java VM: Java HotSpot(TM) 64-Bit Server VM (25.144-b01 mixed mode windows-amd64 compressed oops)
Heap:
 PSYoungGen      total 167936K, used 159200K [0x00000000eb300000, 0x00000000f6a80000, 0x0000000100000000)
  eden space 151040K, 100% used [0x00000000eb300000,0x00000000f4680000,0x00000000f4680000)
  from space 16896K, 48% used [0x00000000f5a00000,0x00000000f61f8050,0x00000000f6a80000)
  to   space 18432K, 99% used [0x00000000f4680000,0x00000000f587b158,0x00000000f5880000)
 ParOldGen       total 62976K, used 62974K [0x00000000c1800000, 0x00000000c5580000, 0x00000000eb300000)
  object space 62976K, 99% used [0x00000000c1800000,0x00000000c557fab8,0x00000000c5580000)
 Metaspace       used 16648K, capacity 16972K, committed 17408K, reserved 1064960K
  class space    used 2145K, capacity 2234K, committed 2304K, reserved 1048576K
GC Heap History (10 events):
Event: 21.696 GC heap after
Heap after GC invocations=9 (full 0):
 PSYoungGen      total 78336K, used 14848K [0x00000000eb300000, 0x00000000f3e80000, 0x0000000100000000)
  eden space 63488K, 0% used [0x00000000eb300000,0x00000000eb300000,0x00000000ef100000)
  from space 14848K, 100% used [0x00000000ef100000,0x00000000eff80000,0x00000000eff80000)
  to   space 20480K, 0% used [0x00000000f2a80000,0x00000000f2a80000,0x00000000f3e80000)
 ParOldGen       total 44032K, used 34383K [0x00000000c1800000, 0x00000000c4300000, 0x00000000eb300000)
  object space 44032K, 78% used [0x00000000c1800000,0x00000000c3993d58,0x00000000c4300000)
 Metaspace       used 14487K, capacity 14754K, committed 15104K, reserved 1062912K
  class space    used 1935K, capacity 2008K, committed 2048K, reserved 1048576K
}
Event: 21.697 GC heap before
{Heap before GC invocations=10 (full 1):
 PSYoungGen      total 78336K, used 14848K [0x00000000eb300000, 0x00000000f3e80000, 0x0000000100000000)
  eden space 63488K, 0% used [0x00000000eb300000,0x00000000eb300000,0x00000000ef100000)
  from space 14848K, 100% used [0x00000000ef100000,0x00000000eff80000,0x00000000eff80000)
  to   space 20480K, 0% used [0x00000000f2a80000,0x00000000f2a80000,0x00000000f3e80000)
 ParOldGen       total 44032K, used 34383K [0x00000000c1800000, 0x00000000c4300000, 0x00000000eb300000)
  object space 44032K, 78% used [0x00000000c1800000,0x00000000c3993d58,0x00000000c4300000)
 Metaspace       used 14487K, capacity 14754K, committed 15104K, reserved 1062912K
  class space    used 1935K, capacity 2008K, committed 2048K, reserved 1048576K
Event: 21.916 GC heap after
Heap after GC invocations=10 (full 1):
 PSYoungGen      total 78336K, used 0K [0x00000000eb300000, 0x00000000f3e80000, 0x0000000100000000)
  eden space 63488K, 0% used [0x00000000eb300000,0x00000000eb300000,0x00000000ef100000)
  from space 14848K, 0% used [0x00000000ef100000,0x00000000ef100000,0x00000000eff80000)
  to   space 20480K, 0% used [0x00000000f2a80000,0x00000000f2a80000,0x00000000f3e80000)
 ParOldGen       total 57344K, used 26935K [0x00000000c1800000, 0x00000000c5000000, 0x00000000eb300000)
  object space 57344K, 46% used [0x00000000c1800000,0x00000000c324dc38,0x00000000c5000000)
 Metaspace       used 14487K, capacity 14754K, committed 15104K, reserved 1062912K
  class space    used 1935K, capacity 2008K, committed 2048K, reserved 1048576K
}
Event: 22.009 GC heap before
{Heap before GC invocations=11 (full 1):
 PSYoungGen      total 78336K, used 63488K [0x00000000eb300000, 0x00000000f3e80000, 0x0000000100000000)
  eden space 63488K, 100% used [0x00000000eb300000,0x00000000ef100000,0x00000000ef100000)
  from space 14848K, 0% used [0x00000000ef100000,0x00000000ef100000,0x00000000eff80000)
  to   space 20480K, 0% used [0x00000000f2a80000,0x00000000f2a80000,0x00000000f3e80000)
 ParOldGen       total 57344K, used 26935K [0x00000000c1800000, 0x00000000c5000000, 0x00000000eb300000)
  object space 57344K, 46% used [0x00000000c1800000,0x00000000c324dc38,0x00000000c5000000)
 Metaspace       used 14489K, capacity 14754K, committed 15104K, reserved 1062912K
  class space    used 1935K, capacity 2008K, committed 2048K, reserved 1048576K
Event: 22.022 GC heap after
Heap after GC invocations=11 (full 1):
 PSYoungGen      total 113152K, used 6688K [0x00000000eb300000, 0x00000000f3980000, 0x0000000100000000)
  eden space 97792K, 0% used [0x00000000eb300000,0x00000000eb300000,0x00000000f1280000)
  from space 15360K, 43% used [0x00000000f2a80000,0x00000000f3108020,0x00000000f3980000)
  to   space 19968K, 0% used [0x00000000f1280000,0x00000000f1280000,0x00000000f2600000)
 ParOldGen       total 57344K, used 26935K [0x00000000c1800000, 0x00000000c5000000, 0x00000000eb300000)
  object space 57344K, 46% used [0x00000000c1800000,0x00000000c324dc38,0x00000000c5000000)
 Metaspace       used 14489K, capacity 14754K, committed 15104K, reserved 1062912K
  class space    used 1935K, capacity 2008K, committed 2048K, reserved 1048576K
}
Event: 22.141 GC heap before
{Heap before GC invocations=12 (full 1):
 PSYoungGen      total 113152K, used 104480K [0x00000000eb300000, 0x00000000f3980000, 0x0000000100000000)
  eden space 97792K, 100% used [0x00000000eb300000,0x00000000f1280000,0x00000000f1280000)
  from space 15360K, 43% used [0x00000000f2a80000,0x00000000f3108020,0x00000000f3980000)
  to   space 19968K, 0% used [0x00000000f1280000,0x00000000f1280000,0x00000000f2600000)
 ParOldGen       total 57344K, used 26935K [0x00000000c1800000, 0x00000000c5000000, 0x00000000eb300000)
  object space 57344K, 46% used [0x00000000c1800000,0x00000000c324dc38,0x00000000c5000000)
 Metaspace       used 14489K, capacity 14754K, committed 15104K, reserved 1062912K
  class space    used 1935K, capacity 2008K, committed 2048K, reserved 1048576K
Event: 22.167 GC heap after
Heap after GC invocations=12 (full 1):
 PSYoungGen      total 117760K, used 10304K [0x00000000eb300000, 0x00000000f6d00000, 0x0000000100000000)
  eden space 97792K, 0% used [0x00000000eb300000,0x00000000eb300000,0x00000000f1280000)
  from space 19968K, 51% used [0x00000000f1280000,0x00000000f1c90020,0x00000000f2600000)
  to   space 19456K, 0% used [0x00000000f5a00000,0x00000000f5a00000,0x00000000f6d00000)
 ParOldGen       total 57344K, used 33611K [0x00000000c1800000, 0x00000000c5000000, 0x00000000eb300000)
  object space 57344K, 58% used [0x00000000c1800000,0x00000000c38d2d18,0x00000000c5000000)
 Metaspace       used 14489K, capacity 14754K, committed 15104K, reserved 1062912K
  class space    used 1935K, capacity 2008K, committed 2048K, reserved 1048576K
}
Event: 22.542 GC heap before
{Heap before GC invocations=13 (full 1):
 PSYoungGen      total 117760K, used 108096K [0x00000000eb300000, 0x00000000f6d00000, 0x0000000100000000)
  eden space 97792K, 100% used [0x00000000eb300000,0x00000000f1280000,0x00000000f1280000)
  from space 19968K, 51% used [0x00000000f1280000,0x00000000f1c90020,0x00000000f2600000)
  to   space 19456K, 0% used [0x00000000f5a00000,0x00000000f5a00000,0x00000000f6d00000)
 ParOldGen       total 57344K, used 33611K [0x00000000c1800000, 0x00000000c5000000, 0x00000000eb300000)
  object space 57344K, 58% used [0x00000000c1800000,0x00000000c38d2d18,0x00000000c5000000)
 Metaspace       used 14596K, capacity 14818K, committed 15104K, reserved 1062912K
  class space    used 1941K, capacity 2008K, committed 2048K, reserved 1048576K
Event: 22.570 GC heap after
Heap after GC invocations=13 (full 1):
 PSYoungGen      total 167936K, used 8160K [0x00000000eb300000, 0x00000000f6a80000, 0x0000000100000000)
  eden space 151040K, 0% used [0x00000000eb300000,0x00000000eb300000,0x00000000f4680000)
  from space 16896K, 48% used [0x00000000f5a00000,0x00000000f61f8050,0x00000000f6a80000)
  to   space 18432K, 0% used [0x00000000f4680000,0x00000000f4680000,0x00000000f5880000)
 ParOldGen       total 57344K, used 43943K [0x00000000c1800000, 0x00000000c5000000, 0x00000000eb300000)
  object space 57344K, 76% used [0x00000000c1800000,0x00000000c42e9dd8,0x00000000c5000000)
 Metaspace       used 14596K, capacity 14818K, committed 15104K, reserved 1062912K
  class space    used 1941K, capacity 2008K, committed 2048K, reserved 1048576K
}
Event: 68.312 GC heap before
{Heap before GC invocations=14 (full 1):
 PSYoungGen      total 167936K, used 159200K [0x00000000eb300000, 0x00000000f6a80000, 0x0000000100000000)
  eden space 151040K, 100% used [0x00000000eb300000,0x00000000f4680000,0x00000000f4680000)
  from space 16896K, 48% used [0x00000000f5a00000,0x00000000f61f8050,0x00000000f6a80000)
  to   space 18432K, 0% used [0x00000000f4680000,0x00000000f4680000,0x00000000f5880000)
 ParOldGen       total 57344K, used 43943K [0x00000000c1800000, 0x00000000c5000000, 0x00000000eb300000)
  object space 57344K, 76% used [0x00000000c1800000,0x00000000c42e9dd8,0x00000000c5000000)
 Metaspace       used 16648K, capacity 16972K, committed 17408K, reserved 1064960K
  class space    used 2145K, capacity 2234K, committed 2304K, reserved 1048576K

